Mdi:ArrangeIcons
Mdi:ArrangeIcons
Mdi:ArrangeIcons
wm geometry . 900x785+8+85
Mdi:ArrangeIcons
Mdi:ArrangeIcons
wm geometry . 900x785+2392+157
Mdi:ArrangeIcons
Mdi:ArrangeIcons
Mdi:ArrangeIcons
ScopeSigMgr:loadpffile /filespace/h/hwysonggrass/ece555/ECE555/MULT2/sim/test_mult2.tr0 1 openonly
# PF:1
wm geometry .sigmgr._PF:1 232x242+1920+540
wm geometry .sigmgr._PF:1 232x242+619+260
wm geometry .sigmgr._PF:1 425x569+619+260
wm geometry .sigmgr._PF:1 232x242+619+260
wm geometry .sigmgr._PF:1 425x569+619+260
pf:read PF:1 v(a<0>) v(a<1>) v(b<0>) v(b<1>) v(out_y<0>) v(out_y<1>)
# WF:1:1 WF:1:2 WF:1:3 WF:1:4 WF:1:5 WF:1:6
Graph addsignal {WF:1:1 WF:1:2 WF:1:3 WF:1:4 WF:1:5 WF:1:6} -region {new new new new new new} -yview {real(y) real(y) real(y) real(y) real(y) real(y)} -xview {real(x) real(x) real(x) real(x) real(x) real(x)} -tracehi {2 2 2 2 2 2}
# Signal0 Signal1 Signal2 Signal3 Signal4 Signal5
Mdi:ArrangeIcons
Mdi:ArrangeIcons
Mdi:FullSize
Mdi:ArrangeIcons
wm geometry . 1920x980+1920+23
Mdi:ArrangeIcons
Mdi:ArrangeIcons
wm geometry . 1920x980+1920+31
Mdi:ArrangeIcons
wm geometry . 1920x980+1920+23
wm geometry .sigmgr 376x204+2553+443
Mdi:ArrangeIcons
wm geometry . 1920x980+0+23
wm geometry .sigmgr._PF:1 425x569+2739+271
Graph:Select Graph0
Graph:DSel
Graph itemselect Signal1 add
# Signal1
Mdi:ArrangeIcons
wm geometry . 1920x980+1920+31
Mdi:ArrangeIcons
wm geometry . 1920x980+1920+23
wm geometry .sigmgr 376x204+2906+236
wm geometry .sigmgr 376x204+2553+443
Mdi:ArrangeIcons
wm geometry . 1920x980+0+23
wm geometry .sigmgr._PF:1 425x569+619+260
wm geometry .sigmgr._PF:1 425x569+2739+271
Graph sigconfig {Signal1 Signal4 Signal5} -regswap {4 5 6}
Graph:DSel
Graph itemselect Signal0 add
# Signal0
Graph sigconfig {Signal0 Signal1 Signal4 Signal5} -regswap {3 4 5 6}
Mdi:ArrangeIcons
Mdi:ArrangeIcons
Mdi:ArrangeIcons
Mdi:ArrangeIcons
Mdi:ArrangeIcons
Mdi:ArrangeIcons
