Mdi:ArrangeIcons
Mdi:ArrangeIcons
Mdi:ArrangeIcons
wm geometry . 900x785+8+85
Mdi:ArrangeIcons
Mdi:ArrangeIcons
Mdi:ArrangeIcons
ScopeSigMgr:loadpffile /filespace/c/cadiena/ece555/ECE555/neuron/sim/test_neuron.tr0 1 openonly
# PF:1
wm geometry .sigmgr._PF:1 232x242+2528+450
Mdi:ArrangeIcons
Mdi:ArrangeIcons
Mdi:ArrangeIcons
Mdi:ArrangeIcons
Mdi:ArrangeIcons
Mdi:ArrangeIcons
Mdi:ArrangeIcons
Mdi:ArrangeIcons
Mdi:ArrangeIcons
Mdi:ArrangeIcons
Mdi:ArrangeIcons
Mdi:ArrangeIcons
Mdi:ArrangeIcons
wm geometry . 1382x764+0+23
Mdi:ArrangeIcons
Mdi:ArrangeIcons
wm geometry . 1382x764+8+31
Mdi:ArrangeIcons
wm geometry . 1382x764+0+23
Mdi:ArrangeIcons
wm geometry . 900x785+8+85
Mdi:ArrangeIcons
wm geometry . 1382x764+8+31
Mdi:ArrangeIcons
wm geometry . 1382x764+0+23
Mdi:ArrangeIcons
wm geometry . 900x785+8+85
Mdi:ArrangeIcons
Mdi:ArrangeIcons
Mdi:ArrangeIcons
Mdi:ArrangeIcons
Mdi:ArrangeIcons
Mdi:ArrangeIcons
ScopeSigMgr:loadpffile /filespace/c/cadiena/ece555/ECE555/neuron/sim/test_neuron.tr0 1 openonly
# PF:1
Mdi:ArrangeIcons
Mdi:ArrangeIcons
Mdi:ArrangeIcons
Mdi:ArrangeIcons
Mdi:ArrangeIcons
Mdi:ArrangeIcons
